<?xml version="1.0" encoding="UTF-8"?>
<!-- Generated by org.testng.reporters.JUnitReportReporter -->
<testsuite hostname="Cnu" name="com.Annotations.Annotations2" tests="2" failures="0" timestamp="25 Sep 2018 11:07:21 GMT" time="0.009" errors="0">
  <testcase name="composeMail" time="0.002" classname="com.Annotations.Annotations2"/>
  <testcase name="inBox" time="0.007" classname="com.Annotations.Annotations2"/>
</testsuite> <!-- com.Annotations.Annotations2 -->
