<?xml version="1.0" encoding="UTF-8"?>
<!-- Generated by org.testng.reporters.JUnitReportReporter -->
<testsuite hostname="Cnu" name="com.Annotations.Annotations3" tests="2" failures="0" timestamp="25 Sep 2018 11:11:04 GMT" time="0.019" errors="0">
  <testcase name="composeMail" time="0.012" classname="com.Annotations.Annotations3"/>
  <testcase name="inBox" time="0.007" classname="com.Annotations.Annotations3"/>
</testsuite> <!-- com.Annotations.Annotations3 -->
