<?xml version="1.0" encoding="UTF-8"?>
<!-- Generated by org.testng.reporters.JUnitReportReporter -->
<testsuite hostname="Cnu" name="com.DataDriven.NewTour_NewUserRegistrations_TestData" tests="2" failures="0" timestamp="9 Oct 2018 10:53:28 GMT" time="22.158" errors="0">
  <testcase name="register" time="1.151" classname="com.DataDriven.NewTour_NewUserRegistrations_TestData"/>
  <testcase name="newUserRegistration" time="21.007" classname="com.DataDriven.NewTour_NewUserRegistrations_TestData"/>
</testsuite> <!-- com.DataDriven.NewTour_NewUserRegistrations_TestData -->
