<?xml version="1.0" encoding="UTF-8"?>
<!-- Generated by org.testng.reporters.JUnitReportReporter -->
<testsuite hostname="Cnu" name="com.DataDriven.NewTours_NewUserRegistration" tests="2" failures="0" timestamp="27 Sep 2018 11:19:24 GMT" time="26.303" errors="0">
  <testcase name="newUserRegistration" time="25.974" classname="com.DataDriven.NewTours_NewUserRegistration"/>
  <testcase name="register" time="0.329" classname="com.DataDriven.NewTours_NewUserRegistration"/>
</testsuite> <!-- com.DataDriven.NewTours_NewUserRegistration -->
