<?xml version="1.0" encoding="UTF-8"?>
<!-- Generated by org.testng.reporters.JUnitReportReporter -->
<testsuite hostname="Cnu" name="com.DataDriven.NewTours_LogInTest" tests="1" failures="0" timestamp="9 Oct 2018 10:53:28 GMT" time="7.981" errors="0">
  <testcase name="logIn" time="7.981" classname="com.DataDriven.NewTours_LogInTest"/>
</testsuite> <!-- com.DataDriven.NewTours_LogInTest -->
