<?xml version="1.0" encoding="UTF-8"?>
<!-- Generated by org.testng.reporters.JUnitReportReporter -->
<testsuite hostname="Cnu" name="com.Annotations.Annotations1" tests="3" failures="0" timestamp="25 Sep 2018 11:00:15 GMT" time="0.021" errors="0">
  <testcase name="inBox" time="0.004" classname="com.Annotations.Annotations1"/>
  <testcase name="logIn" time="0.004" classname="com.Annotations.Annotations1"/>
  <testcase name="browserLaunch" time="0.013" classname="com.Annotations.Annotations1"/>
</testsuite> <!-- com.Annotations.Annotations1 -->
