<?xml version="1.0" encoding="UTF-8"?>
<!-- Generated by org.testng.reporters.JUnitReportReporter -->
<testsuite hostname="Cnu" name="com.GRID.NewTours_LogInTest" tests="2" failures="0" timestamp="23 Oct 2018 11:11:58 GMT" time="53.447" errors="0">
  <testcase name="logIn" time="17.983" classname="com.GRID.NewTours_LogInTest"/>
  <testcase name="logIn" time="35.464" classname="com.GRID.NewTours_LogInTest"/>
</testsuite> <!-- com.GRID.NewTours_LogInTest -->
